<?xml version="1.0" encoding="UTF-8"?>
<!-- Generated by org.testng.reporters.JUnitReportReporter -->
<testsuite hostname="Johns-MBP16Retina.local" failures="0" tests="1" name="testCases.pricesTeamSportGoodsFirstPageTest" time="4.892" errors="0" timestamp="2021-08-10T22:57:46 EDT" skipped="0">
  <testcase classname="testCases.pricesTeamSportGoodsFirstPageTest" name="pricesTeamSportsGoodsFirstPageTest" time="4.892"/>
  <system-out/>
</testsuite> <!-- testCases.pricesTeamSportGoodsFirstPageTest -->
