<?xml version="1.0" encoding="UTF-8"?>
<!-- Generated by org.testng.reporters.JUnitReportReporter -->
<testsuite hostname="Johns-MBP16Retina.local" failures="0" tests="1" name="testCases.verifyEbayHomePageTest" time="1.201" errors="0" timestamp="2021-08-10T22:57:46 EDT" skipped="0">
  <testcase classname="testCases.verifyEbayHomePageTest" name="verifyEbayHomePageTest" time="1.201"/>
  <system-out/>
</testsuite> <!-- testCases.verifyEbayHomePageTest -->
