<?xml version="1.0" encoding="UTF-8"?>
<!-- Generated by org.testng.reporters.JUnitReportReporter -->
<testsuite hostname="Johns-MBP16Retina.local" failures="0" tests="1" name="testCases.retrieveFirstItemsTest" time="3.506" errors="0" timestamp="2021-08-10T22:57:46 EDT" skipped="0">
  <testcase classname="testCases.retrieveFirstItemsTest" name="retrieveFirstItemsTest" time="3.506"/>
  <system-out/>
</testsuite> <!-- testCases.retrieveFirstItemsTest -->
